2025-06-05 19:39:14 [INFO]: ✅ Configuration validée
2025-06-05 19:39:15 [INFO]: 🔌 Test de connexion à PostgreSQL...
2025-06-05 19:39:15 [INFO]: ✅ Connexion PostgreSQL établie avec succès
2025-06-05 19:39:15 [INFO]: 🚀 Serveur Tennis Pronostics démarré
2025-06-05 19:39:15 [INFO]: 📡 API disponible sur: http://localhost:3001/api/v1
2025-06-05 19:39:15 [INFO]: 🌍 Environment: development
2025-06-05 19:39:15 [INFO]: 📚 Documentation API: http://localhost:3001/api-docs
2025-06-05 19:39:15 [INFO]: ⏰ Synchronisation automatique activée: 0 7,13,19 * * *
2025-06-05 19:39:49 [INFO]: 🛑 Signal SIGINT reçu. Arrêt du serveur...
2025-06-05 20:57:26 [INFO]: ✅ Configuration validée
2025-06-05 20:57:27 [INFO]: 🔌 Test de connexion à PostgreSQL...
2025-06-05 20:57:27 [INFO]: ✅ Connexion PostgreSQL établie avec succès
2025-06-05 20:57:27 [INFO]: 🚀 Serveur Tennis Pronostics démarré
2025-06-05 20:57:27 [INFO]: 📡 API disponible sur: http://localhost:3001/api/v1
2025-06-05 20:57:27 [INFO]: 🌍 Environment: development
2025-06-05 20:57:27 [INFO]: 📚 Documentation API: http://localhost:3001/api-docs
2025-06-05 20:57:27 [INFO]: ⏰ Synchronisation automatique activée: 0 7,13,19 * * *
2025-06-05 20:57:30 [INFO]: 🛑 Signal SIGINT reçu. Arrêt du serveur...
2025-06-05 20:57:30 [INFO]: 📡 Serveur HTTP fermé
2025-06-05 20:57:30 [INFO]: 🔌 Connexion PostgreSQL fermée
2025-06-07 15:53:11 [INFO]: ✅ Configuration validée
2025-06-07 15:53:12 [INFO]: 🔌 Test de connexion à PostgreSQL...
2025-06-07 15:53:12 [INFO]: ✅ Connexion PostgreSQL établie avec succès
2025-06-07 15:53:12 [INFO]: 🚀 Serveur Tennis Pronostics démarré
2025-06-07 15:53:12 [INFO]: 📡 API disponible sur: http://localhost:3001/api/v1
2025-06-07 15:53:12 [INFO]: 🌍 Environment: development
2025-06-07 15:53:12 [INFO]: 📚 Documentation API: http://localhost:3001/api-docs
2025-06-07 15:53:12 [INFO]: ⏰ Synchronisation automatique activée: 0 7,13,19 * * *
2025-06-07 15:54:10 [ERROR]: ❌ API Error GET /current
{
  "action": "api_error",
  "method": "GET",
  "url": "/current",
  "error": "il n'y a pas de paramètre $1",
  "userId": null
}
2025-06-07 15:54:10 [INFO]: [0mGET /api/v1/rankings/current?tour=ATP [31m500[0m 135.026 ms - 78[0m
2025-06-07 15:54:11 [INFO]: [0mGET /favicon.ico [33m404[0m 1.127 ms - 120[0m
2025-06-07 15:54:47 [INFO]: [0mGET /rankings [36m301[0m 2.254 ms - 158[0m
2025-06-07 15:54:47 [INFO]: [0mGET /rankings/ [32m200[0m 8.667 ms - -[0m
2025-06-07 16:02:24 [INFO]: ✅ Configuration validée
2025-06-07 16:02:25 [INFO]: 🔌 Test de connexion à PostgreSQL...
2025-06-07 16:02:25 [INFO]: ✅ Connexion PostgreSQL établie avec succès
2025-06-07 16:02:25 [INFO]: 🚀 Serveur Tennis Pronostics démarré
2025-06-07 16:02:25 [INFO]: 📡 API disponible sur: http://localhost:3001/api/v1
2025-06-07 16:02:25 [INFO]: 🌍 Environment: development
2025-06-07 16:02:25 [INFO]: 📚 Documentation API: http://localhost:3001/api-docs
2025-06-07 16:02:25 [INFO]: ⏰ Synchronisation automatique activée: 0 7,13,19 * * *
2025-06-07 16:04:20 [INFO]: ✅ Configuration validée
2025-06-07 16:04:21 [INFO]: 🔌 Test de connexion à PostgreSQL...
2025-06-07 16:04:21 [INFO]: ✅ Connexion PostgreSQL établie avec succès
2025-06-07 16:04:21 [INFO]: 🚀 Serveur Tennis Pronostics démarré
2025-06-07 16:04:21 [INFO]: 📡 API disponible sur: http://localhost:3001/api/v1
2025-06-07 16:04:21 [INFO]: 🌍 Environment: development
2025-06-07 16:04:21 [INFO]: 📚 Documentation API: http://localhost:3001/api-docs
2025-06-07 16:04:21 [INFO]: ⏰ Synchronisation automatique activée: 0 7,13,19 * * *
2025-06-07 16:09:35 [INFO]: ✅ Configuration validée
2025-06-07 16:09:36 [INFO]: 🔌 Test de connexion à PostgreSQL...
2025-06-07 16:09:37 [INFO]: ✅ Connexion PostgreSQL établie avec succès
2025-06-07 16:09:37 [INFO]: 🚀 Serveur Tennis Pronostics démarré
2025-06-07 16:09:37 [INFO]: 📡 API disponible sur: http://localhost:3001/api/v1
2025-06-07 16:09:37 [INFO]: 🌍 Environment: development
2025-06-07 16:09:37 [INFO]: 📚 Documentation API: http://localhost:3001/api-docs
2025-06-07 16:09:37 [INFO]: ⏰ Synchronisation automatique activée: 0 7,13,19 * * *
2025-06-07 16:09:58 [INFO]: [0mGET /api/v1/rankings/test [32m200[0m 108.545 ms - 186[0m
2025-06-07 16:10:24 [INFO]: [0mGET /api/v1/rankings/tables [32m200[0m 151.116 ms - 547[0m
2025-06-07 16:10:42 [INFO]: [0mGET /api/v1/rankings/current?tour=ATP [31m500[0m 558.739 ms - 665[0m
2025-06-07 16:13:57 [INFO]: ✅ Configuration validée
2025-06-07 16:13:58 [INFO]: 🔌 Test de connexion à PostgreSQL...
2025-06-07 16:13:58 [INFO]: ✅ Connexion PostgreSQL établie avec succès
2025-06-07 16:13:58 [INFO]: 🚀 Serveur Tennis Pronostics démarré
2025-06-07 16:13:58 [INFO]: 📡 API disponible sur: http://localhost:3001/api/v1
2025-06-07 16:13:58 [INFO]: 🌍 Environment: development
2025-06-07 16:13:58 [INFO]: 📚 Documentation API: http://localhost:3001/api-docs
2025-06-07 16:13:58 [INFO]: ⏰ Synchronisation automatique activée: 0 7,13,19 * * *
2025-06-07 16:14:13 [INFO]: [0mGET /api/v1/rankings/current?tour=ATP [32m200[0m 949.250 ms - 826[0m
2025-06-07 16:17:34 [INFO]: ✅ Configuration validée
2025-06-07 16:17:35 [INFO]: 🔌 Test de connexion à PostgreSQL...
2025-06-07 16:17:35 [INFO]: ✅ Connexion PostgreSQL établie avec succès
2025-06-07 16:17:35 [INFO]: 🚀 Serveur Tennis Pronostics démarré
2025-06-07 16:17:35 [INFO]: 📡 API disponible sur: http://localhost:3001/api/v1
2025-06-07 16:17:35 [INFO]: 🌍 Environment: development
2025-06-07 16:17:35 [INFO]: 📚 Documentation API: http://localhost:3001/api-docs
2025-06-07 16:17:35 [INFO]: ⏰ Synchronisation automatique activée: 0 7,13,19 * * *
2025-06-07 16:18:04 [INFO]: 📡 GET /current
{
  "action": "api_request",
  "method": "GET",
  "url": "/current",
  "userId": null
}
2025-06-07 16:18:04 [INFO]: [0mGET /api/v1/rankings/current?tour=ATP&limit=20 [32m200[0m 642.556 ms - -[0m
2025-06-07 16:39:09 [INFO]: [0mGET /api/v1/rankings/historical?tour=ATP [32m200[0m 1065.791 ms - -[0m
2025-06-07 16:39:32 [INFO]: [0mGET /api/v1/rankings/by-date?tour=ATP&date=2024-06-03 [33m404[0m 129.511 ms - 99[0m
2025-06-07 16:39:39 [INFO]: [0mGET /api/v1/rankings/by-date?tour=ATP&date=2024-06-02 [33m404[0m 73.928 ms - 99[0m
2025-06-07 16:40:38 [INFO]: [0mGET /api/v1/rankings/test [32m200[0m 100.212 ms - 239[0m
2025-06-07 16:40:59 [INFO]: [0mGET /rankings [36m301[0m 26.518 ms - 158[0m
2025-06-07 16:40:59 [INFO]: [0mGET /rankings/ [36m304[0m 3.466 ms - -[0m
2025-06-07 16:46:18 [INFO]: [0mGET /rankings [36m301[0m 3.701 ms - 158[0m
2025-06-07 16:46:18 [INFO]: [0mGET /rankings/ [36m304[0m 3.644 ms - -[0m
2025-06-07 16:47:25 [INFO]: 📡 GET /current
{
  "action": "api_request",
  "method": "GET",
  "url": "/current",
  "userId": null
}
2025-06-07 16:47:25 [INFO]: [0mGET /api/v1/rankings/current?tour=ATP&limit=10 [32m200[0m 1317.801 ms - -[0m
2025-06-07 16:48:38 [INFO]: [0mGET /rankings/ [32m200[0m 54.164 ms - -[0m
2025-06-07 16:53:15 [INFO]: [0mGET /rankings/ [32m200[0m 49.926 ms - -[0m
2025-06-07 16:53:16 [INFO]: [0mGET /rankings/rankings.js [33m404[0m 83.782 ms - 129[0m
2025-06-07 16:53:52 [INFO]: 🛑 Signal SIGINT reçu. Arrêt du serveur...
2025-06-07 16:53:57 [INFO]: ✅ Configuration validée
2025-06-07 16:53:58 [INFO]: 🔌 Test de connexion à PostgreSQL...
2025-06-07 16:53:58 [INFO]: ✅ Connexion PostgreSQL établie avec succès
2025-06-07 16:53:58 [INFO]: 🚀 Serveur Tennis Pronostics démarré
2025-06-07 16:53:58 [INFO]: 📡 API disponible sur: http://localhost:3001/api/v1
2025-06-07 16:53:58 [INFO]: 🌍 Environment: development
2025-06-07 16:53:58 [INFO]: 📚 Documentation API: http://localhost:3001/api-docs
2025-06-07 16:53:58 [INFO]: ⏰ Synchronisation automatique activée: 0 7,13,19 * * *
2025-06-07 16:54:06 [INFO]: [0mGET /rankings/ [36m304[0m 6.082 ms - -[0m
2025-06-07 16:54:06 [INFO]: [0mGET /rankings/rankings.js [33m404[0m 3.587 ms - 129[0m
2025-06-07 16:55:50 [INFO]: ✅ Configuration validée
2025-06-07 16:55:53 [INFO]: 🔌 Test de connexion à PostgreSQL...
2025-06-07 16:55:53 [INFO]: ✅ Connexion PostgreSQL établie avec succès
2025-06-07 16:55:53 [INFO]: 🚀 Serveur Tennis Pronostics démarré
2025-06-07 16:55:53 [INFO]: 📡 API disponible sur: http://localhost:3001/api/v1
2025-06-07 16:55:53 [INFO]: 🌍 Environment: development
2025-06-07 16:55:53 [INFO]: 📚 Documentation API: http://localhost:3001/api-docs
2025-06-07 16:55:53 [INFO]: ⏰ Synchronisation automatique activée: 0 7,13,19 * * *
2025-06-07 16:55:58 [INFO]: [0mGET /rankings/ [36m304[0m 4.254 ms - -[0m
2025-06-07 16:55:58 [INFO]: [0mGET /rankings/rankings.js [33m404[0m 6.577 ms - 129[0m
2025-06-07 16:56:06 [INFO]: 🛑 Signal SIGINT reçu. Arrêt du serveur...
2025-06-07 16:56:09 [INFO]: ✅ Configuration validée
2025-06-07 16:56:10 [INFO]: 🔌 Test de connexion à PostgreSQL...
2025-06-07 16:56:10 [INFO]: ✅ Connexion PostgreSQL établie avec succès
2025-06-07 16:56:10 [INFO]: 🚀 Serveur Tennis Pronostics démarré
2025-06-07 16:56:10 [INFO]: 📡 API disponible sur: http://localhost:3001/api/v1
2025-06-07 16:56:10 [INFO]: 🌍 Environment: development
2025-06-07 16:56:10 [INFO]: 📚 Documentation API: http://localhost:3001/api-docs
2025-06-07 16:56:10 [INFO]: ⏰ Synchronisation automatique activée: 0 7,13,19 * * *
2025-06-07 16:56:20 [INFO]: [0mGET /rankings/ [36m304[0m 5.958 ms - -[0m
2025-06-07 16:56:20 [INFO]: [0mGET /rankings/rankings.js [33m404[0m 4.122 ms - 129[0m
2025-06-07 17:06:29 [INFO]: ✅ Configuration validée
2025-06-07 17:06:31 [INFO]: 🔌 Test de connexion à PostgreSQL...
2025-06-07 17:06:31 [INFO]: ✅ Connexion PostgreSQL établie avec succès
2025-06-07 17:06:31 [INFO]: 🚀 Serveur Tennis Pronostics démarré
2025-06-07 17:06:31 [INFO]: 📡 API disponible sur: http://localhost:3001/api/v1
2025-06-07 17:06:31 [INFO]: 🌍 Environment: development
2025-06-07 17:06:31 [INFO]: 📚 Documentation API: http://localhost:3001/api-docs
2025-06-07 17:06:31 [INFO]: ⏰ Synchronisation automatique activée: 0 7,13,19 * * *
2025-06-07 17:07:46 [INFO]: [0mGET /rankings/ [32m200[0m 15.737 ms - -[0m
2025-06-07 17:07:47 [INFO]: [0mGET /rankings/rankings.js [33m404[0m 8.133 ms - 129[0m
2025-06-07 17:08:43 [INFO]: [0mGET /rankings/ [36m304[0m 1.857 ms - -[0m
2025-06-07 17:08:43 [INFO]: [0mGET /rankings/rankings.js [33m404[0m 1.439 ms - 129[0m
2025-06-07 17:10:33 [INFO]: ✅ Configuration validée
2025-06-07 17:10:34 [INFO]: 🔌 Test de connexion à PostgreSQL...
2025-06-07 17:10:34 [INFO]: ✅ Connexion PostgreSQL établie avec succès
2025-06-07 17:10:34 [INFO]: 🚀 Serveur Tennis Pronostics démarré
2025-06-07 17:10:34 [INFO]: 📡 API disponible sur: http://localhost:3001/api/v1
2025-06-07 17:10:34 [INFO]: 🌍 Environment: development
2025-06-07 17:10:34 [INFO]: 📚 Documentation API: http://localhost:3001/api-docs
2025-06-07 17:10:34 [INFO]: ⏰ Synchronisation automatique activée: 0 7,13,19 * * *
2025-06-07 17:10:47 [INFO]: [0mGET /rankings/ [36m304[0m 4.961 ms - -[0m
2025-06-07 17:10:48 [INFO]: [0mGET /rankings/rankings.js [33m404[0m 3.889 ms - 129[0m
2025-06-07 17:18:15 [INFO]: 🛑 Signal SIGINT reçu. Arrêt du serveur...
2025-06-07 17:18:18 [INFO]: ✅ Configuration validée
2025-06-07 17:18:19 [INFO]: 🔌 Test de connexion à PostgreSQL...
2025-06-07 17:18:19 [INFO]: ✅ Connexion PostgreSQL établie avec succès
2025-06-07 17:18:19 [INFO]: 🚀 Serveur Tennis Pronostics démarré
2025-06-07 17:18:19 [INFO]: 📡 API disponible sur: http://localhost:3001/api/v1
2025-06-07 17:18:19 [INFO]: 🌍 Environment: development
2025-06-07 17:18:19 [INFO]: 📚 Documentation API: http://localhost:3001/api-docs
2025-06-07 17:18:19 [INFO]: ⏰ Synchronisation automatique activée: 0 7,13,19 * * *
2025-06-07 17:18:31 [INFO]: [0mGET /rankings/ [32m200[0m 6.549 ms - -[0m
2025-06-07 17:18:31 [INFO]: [0mGET /rankings/installHook.js.map [33m404[0m 4.296 ms - 136[0m
2025-06-07 17:18:41 [INFO]: [0mGET /api/v1/rankings/test [32m200[0m 69.645 ms - 239[0m
2025-06-07 17:18:46 [INFO]: 📡 GET /current
{
  "action": "api_request",
  "method": "GET",
  "url": "/current",
  "userId": null
}
2025-06-07 17:18:46 [INFO]: [0mGET /api/v1/rankings/current?tour=ATP&limit=3 [32m200[0m 1059.373 ms - 955[0m
2025-06-07 17:21:29 [INFO]: [0mGET /rankings/ [32m200[0m 21.518 ms - -[0m
2025-06-07 17:21:29 [INFO]: [0mGET /rankings/installHook.js.map [33m404[0m 12.909 ms - 136[0m
2025-06-07 17:21:30 [INFO]: [0mGET /api/v1/rankings/historical?tour=ATP [36m304[0m 804.991 ms - -[0m
2025-06-07 17:21:31 [INFO]: 📡 GET /current
{
  "action": "api_request",
  "method": "GET",
  "url": "/current",
  "userId": null
}
2025-06-07 17:21:31 [INFO]: [0mGET /api/v1/rankings/current?tour=ATP&limit=100 [32m200[0m 1084.485 ms - -[0m
2025-06-07 17:25:51 [INFO]: 🛑 Signal SIGINT reçu. Arrêt du serveur...
2025-06-07 17:27:44 [INFO]: ✅ Configuration validée
2025-06-07 17:27:44 [INFO]: 🔌 Test de connexion à PostgreSQL...
2025-06-07 17:27:45 [INFO]: ✅ Connexion PostgreSQL établie avec succès
2025-06-07 17:27:45 [INFO]: 🚀 Serveur Tennis Pronostics démarré
2025-06-07 17:27:45 [INFO]: 📡 API disponible sur: http://localhost:3001/api/v1
2025-06-07 17:27:45 [INFO]: 🌍 Environment: development
2025-06-07 17:27:45 [INFO]: 📚 Documentation API: http://localhost:3001/api-docs
2025-06-07 17:27:45 [INFO]: ⏰ Synchronisation automatique activée: 0 7,13,19 * * *
2025-06-07 17:30:39 [INFO]: [0mGET /rankings/ [32m200[0m 8.446 ms - -[0m
2025-06-07 17:30:39 [INFO]: [0mGET /rankings/ranking.js [32m200[0m 1.831 ms - -[0m
2025-06-07 17:30:39 [INFO]: [0mGET /rankings/ranking.js [32m200[0m 1.325 ms - -[0m
2025-06-07 17:30:40 [INFO]: [0mGET /api/v1/rankings/historical?tour=ATP [36m304[0m 718.961 ms - -[0m
2025-06-07 17:30:43 [INFO]: 📡 GET /current
{
  "action": "api_request",
  "method": "GET",
  "url": "/current",
  "userId": null
}
2025-06-07 17:30:43 [INFO]: [0mGET /api/v1/rankings/current?tour=ATP&limit=100 [36m304[0m 2687.886 ms - -[0m
2025-06-07 17:31:48 [INFO]: 🛑 Signal SIGINT reçu. Arrêt du serveur...
2025-06-07 18:11:31 [INFO]: ✅ Configuration validée
2025-06-07 18:11:32 [INFO]: 🔌 Test de connexion à PostgreSQL...
2025-06-07 18:11:33 [INFO]: ✅ Connexion PostgreSQL établie avec succès
2025-06-07 18:11:33 [INFO]: 🚀 Serveur Tennis Pronostics démarré
2025-06-07 18:11:33 [INFO]: 📡 API disponible sur: http://localhost:3001/api/v1
2025-06-07 18:11:33 [INFO]: 🌍 Environment: development
2025-06-07 18:11:33 [INFO]: 📚 Documentation API: http://localhost:3001/api-docs
2025-06-07 18:11:33 [INFO]: ⏰ Synchronisation automatique activée: 0 7,13,19 * * *
2025-06-07 18:11:44 [INFO]: [0mGET /rankings/ [36m304[0m 7.050 ms - -[0m
2025-06-07 18:11:45 [INFO]: [0mGET /rankings/ranking.js [36m304[0m 1.288 ms - -[0m
2025-06-07 18:11:45 [INFO]: [0mGET /rankings/ranking.js [36m304[0m 0.839 ms - -[0m
2025-06-07 18:11:46 [INFO]: [0mGET /api/v1/rankings/historical?tour=ATP [36m304[0m 1649.408 ms - -[0m
2025-06-07 18:11:49 [INFO]: 📡 GET /current
{
  "action": "api_request",
  "method": "GET",
  "url": "/current",
  "userId": null
}
2025-06-07 18:11:49 [INFO]: [0mGET /api/v1/rankings/current?tour=ATP&limit=100 [36m304[0m 2247.544 ms - -[0m
2025-06-07 18:20:34 [INFO]: [0mGET /rankings/ [36m304[0m 24.383 ms - -[0m
2025-06-07 18:20:34 [INFO]: [0mGET /rankings/ranking.js [36m304[0m 1.045 ms - -[0m
2025-06-07 18:20:34 [INFO]: [0mGET /rankings/ranking.js [36m304[0m 35.039 ms - -[0m
2025-06-07 18:20:35 [INFO]: [0mGET /api/v1/rankings/historical?tour=ATP [36m304[0m 637.530 ms - -[0m
2025-06-07 18:20:36 [INFO]: 📡 GET /current
{
  "action": "api_request",
  "method": "GET",
  "url": "/current",
  "userId": null
}
2025-06-07 18:20:36 [INFO]: [0mGET /api/v1/rankings/current?tour=ATP&limit=100 [36m304[0m 1243.635 ms - -[0m
2025-06-07 18:23:55 [INFO]: [0mGET /rankings/ [36m304[0m 16.160 ms - -[0m
2025-06-07 18:23:55 [INFO]: [0mGET /rankings/ranking.js [36m304[0m 6.926 ms - -[0m
2025-06-07 18:23:55 [INFO]: [0mGET /rankings/ranking.js [36m304[0m 2.442 ms - -[0m
2025-06-07 18:23:56 [INFO]: [0mGET /api/v1/rankings/historical?tour=ATP [36m304[0m 532.534 ms - -[0m
2025-06-07 18:23:57 [INFO]: 📡 GET /current
{
  "action": "api_request",
  "method": "GET",
  "url": "/current",
  "userId": null
}
2025-06-07 18:23:57 [INFO]: [0mGET /api/v1/rankings/current?tour=ATP&limit=100 [32m200[0m 1099.689 ms - -[0m
2025-06-07 18:38:01 [INFO]: [0mGET /rankings/ [36m304[0m 31.243 ms - -[0m
2025-06-07 18:38:01 [INFO]: [0mGET /rankings/ranking.js [36m304[0m 2.605 ms - -[0m
2025-06-07 18:38:01 [INFO]: [0mGET /rankings/ranking.js [36m304[0m 1.500 ms - -[0m
2025-06-07 18:38:02 [INFO]: [0mGET /api/v1/rankings/historical?tour=ATP [36m304[0m 628.615 ms - -[0m
2025-06-07 18:38:03 [INFO]: 📡 GET /current
{
  "action": "api_request",
  "method": "GET",
  "url": "/current",
  "userId": null
}
2025-06-07 18:38:03 [INFO]: [0mGET /api/v1/rankings/current?tour=ATP&limit=100 [36m304[0m 1081.935 ms - -[0m
2025-06-07 18:38:10 [INFO]: [0mGET /rankings/installHook.js.map [33m404[0m 38.905 ms - 136[0m
2025-06-07 18:55:36 [INFO]: 🛑 Signal SIGINT reçu. Arrêt du serveur...
2025-06-07 18:55:42 [INFO]: ✅ Configuration validée
2025-06-07 18:55:44 [INFO]: 🔌 Test de connexion à PostgreSQL...
2025-06-07 18:55:44 [INFO]: ✅ Connexion PostgreSQL établie avec succès
2025-06-07 18:55:44 [INFO]: 🚀 Serveur Tennis Pronostics démarré
2025-06-07 18:55:44 [INFO]: 📡 API disponible sur: http://localhost:3001/api/v1
2025-06-07 18:55:44 [INFO]: 🌍 Environment: development
2025-06-07 18:55:44 [INFO]: 📚 Documentation API: http://localhost:3001/api-docs
2025-06-07 18:55:44 [INFO]: ⏰ Synchronisation automatique activée: 0 7,13,19 * * *
2025-06-07 18:56:37 [INFO]: [0mGET /rankings/ [36m304[0m 5.983 ms - -[0m
2025-06-07 18:56:37 [INFO]: [0mGET /rankings/ranking.js [32m200[0m 2.591 ms - -[0m
2025-06-07 18:56:37 [INFO]: [0mGET /rankings/ranking.js [32m200[0m 1.990 ms - -[0m
2025-06-07 18:56:47 [INFO]: [0mGET /rankings/ [32m200[0m 4.137 ms - -[0m
2025-06-07 18:56:47 [INFO]: [0mGET /rankings/installHook.js.map [33m404[0m 3.296 ms - 136[0m
2025-06-07 19:02:02 [INFO]: 🛑 Signal SIGINT reçu. Arrêt du serveur...
2025-06-07 19:02:06 [INFO]: ✅ Configuration validée
2025-06-07 19:02:06 [INFO]: 🔌 Test de connexion à PostgreSQL...
2025-06-07 19:02:06 [INFO]: ✅ Connexion PostgreSQL établie avec succès
2025-06-07 19:02:06 [INFO]: 🚀 Serveur Tennis Pronostics démarré
2025-06-07 19:02:06 [INFO]: 📡 API disponible sur: http://localhost:3001/api/v1
2025-06-07 19:02:06 [INFO]: 🌍 Environment: development
2025-06-07 19:02:06 [INFO]: 📚 Documentation API: http://localhost:3001/api-docs
2025-06-07 19:02:06 [INFO]: ⏰ Synchronisation automatique activée: 0 7,13,19 * * *
2025-06-07 19:02:21 [INFO]: [0mGET /rankings/ [32m200[0m 10.870 ms - -[0m
2025-06-07 19:02:21 [INFO]: [0mGET /rankings/ranking.js [32m200[0m 2.377 ms - -[0m
2025-06-07 19:02:21 [INFO]: [0mGET /rankings/installHook.js.map [33m404[0m 9.230 ms - 136[0m
2025-06-07 19:02:21 [INFO]: [0mGET /rankings/ranking.js [32m200[0m 1.204 ms - -[0m
2025-06-07 19:02:30 [INFO]: [0mGET /rankings/ [32m200[0m 1.341 ms - -[0m
2025-06-07 19:02:30 [INFO]: [0mGET /rankings/ranking.js [32m200[0m 1.056 ms - -[0m
2025-06-07 19:02:30 [INFO]: [0mGET /rankings/installHook.js.map [33m404[0m 0.820 ms - 136[0m
2025-06-07 19:02:31 [INFO]: [0mGET /favicon.ico [33m404[0m 0.543 ms - 120[0m
2025-06-07 19:02:31 [INFO]: [0mGET /rankings/ranking.js [36m304[0m 1.090 ms - -[0m
2025-06-07 19:04:08 [INFO]: [0mGET /rankings/ [36m304[0m 1.302 ms - -[0m
2025-06-07 19:04:08 [INFO]: [0mGET /rankings/installHook.js.map [33m404[0m 0.963 ms - 136[0m
2025-06-07 19:04:08 [INFO]: [0mGET /rankings/ranking.js [36m304[0m 1.779 ms - -[0m
2025-06-07 19:04:08 [INFO]: [0mGET /rankings/ranking.js [36m304[0m 0.648 ms - -[0m
2025-06-07 19:04:15 [INFO]: [0mGET /rankings/ [36m304[0m 0.882 ms - -[0m
2025-06-07 19:04:15 [INFO]: [0mGET /rankings/installHook.js.map [33m404[0m 0.915 ms - 136[0m
2025-06-07 19:04:15 [INFO]: [0mGET /rankings/ranking.js [36m304[0m 1.271 ms - -[0m
2025-06-07 19:04:15 [INFO]: [0mGET /rankings/ranking.js [36m304[0m 0.814 ms - -[0m
2025-06-07 19:04:42 [INFO]: [0mGET /rankings/ [36m304[0m 0.633 ms - -[0m
2025-06-07 19:04:42 [INFO]: [0mGET /rankings/installHook.js.map [33m404[0m 1.460 ms - 136[0m
2025-06-07 19:04:42 [INFO]: [0mGET /rankings/ranking.js [36m304[0m 0.551 ms - -[0m
2025-06-07 19:04:42 [INFO]: [0mGET /rankings/ranking.js [36m304[0m 0.583 ms - -[0m
2025-06-07 19:04:52 [INFO]: [0mGET /rankings/ [36m304[0m 0.830 ms - -[0m
2025-06-07 19:04:52 [INFO]: [0mGET /rankings/installHook.js.map [33m404[0m 2.651 ms - 136[0m
2025-06-07 19:04:52 [INFO]: [0mGET /rankings/ranking.js [36m304[0m 0.568 ms - -[0m
2025-06-07 19:04:52 [INFO]: [0mGET /rankings/ranking.js [36m304[0m 0.594 ms - -[0m
2025-06-07 19:07:14 [INFO]: [0mGET /rankings/ [36m304[0m 1.439 ms - -[0m
2025-06-07 19:07:14 [INFO]: [0mGET /rankings/installHook.js.map [33m404[0m 0.700 ms - 136[0m
2025-06-07 19:07:14 [INFO]: [0mGET /rankings/ranking.js [32m200[0m 4.090 ms - -[0m
2025-06-07 19:07:14 [INFO]: [0mGET /rankings/ranking.js [32m200[0m 2.380 ms - -[0m
2025-06-07 19:17:03 [INFO]: [0mGET /api/v1/rankings/historical?tour=ATP [36m304[0m 466.594 ms - -[0m
2025-06-07 19:17:22 [INFO]: 📡 GET /current
{
  "action": "api_request",
  "method": "GET",
  "url": "/current",
  "userId": null
}
2025-06-07 19:17:22 [INFO]: [0mGET /api/v1/rankings/current?tour=ATP&limit=100 [36m304[0m 1127.220 ms - -[0m
2025-06-07 19:26:12 [INFO]: [0mGET /rankings/ [32m200[0m 27.452 ms - -[0m
2025-06-07 19:26:13 [INFO]: [0mGET /rankings/ranking.js [32m200[0m 5.117 ms - -[0m
2025-06-07 19:26:13 [INFO]: [0mGET /rankings/ranking.js [32m200[0m 2.243 ms - -[0m
2025-06-07 19:26:14 [INFO]: [0mGET /rankings/installHook.js.map [33m404[0m 7.865 ms - 136[0m
2025-06-07 19:26:53 [INFO]: [0mGET /api/v1/rankings/historical?tour=ATP [36m304[0m 1697.364 ms - -[0m
2025-06-07 19:29:01 [INFO]: 🛑 Signal SIGINT reçu. Arrêt du serveur...
2025-06-07 19:29:07 [INFO]: ✅ Configuration validée
2025-06-07 19:29:09 [INFO]: 🔌 Test de connexion à PostgreSQL...
2025-06-07 19:29:09 [INFO]: ✅ Connexion PostgreSQL établie avec succès
2025-06-07 19:29:09 [INFO]: 🚀 Serveur Tennis Pronostics démarré
2025-06-07 19:29:09 [INFO]: 📡 API disponible sur: http://localhost:3001/api/v1
2025-06-07 19:29:09 [INFO]: 🌍 Environment: development
2025-06-07 19:29:09 [INFO]: 📚 Documentation API: http://localhost:3001/api-docs
2025-06-07 19:29:09 [INFO]: ⏰ Synchronisation automatique activée: 0 7,13,19 * * *
2025-06-07 19:30:01 [INFO]: [0mGET /rankings/ [36m304[0m 6.949 ms - -[0m
2025-06-07 19:30:02 [INFO]: [0mGET /rankings/installHook.js.map [33m404[0m 5.351 ms - 136[0m
2025-06-07 19:30:02 [INFO]: [0mGET /rankings/ranking.js [32m200[0m 4.223 ms - -[0m
2025-06-07 19:30:02 [INFO]: [0mGET /rankings/ranking.js [32m200[0m 1.741 ms - -[0m
2025-06-07 19:30:15 [INFO]: [0mGET /api/v1/rankings/historical?tour=ATP [36m304[0m 283.122 ms - -[0m
2025-06-07 19:37:18 [INFO]: 📡 GET /current
{
  "action": "api_request",
  "method": "GET",
  "url": "/current",
  "userId": null
}
2025-06-07 19:37:18 [INFO]: [0mGET /api/v1/rankings/current?tour=ATP&limit=100 [36m304[0m 828.148 ms - -[0m
2025-06-07 20:06:00 [INFO]: 🛑 Signal SIGINT reçu. Arrêt du serveur...
2025-06-07 20:06:03 [INFO]: ✅ Configuration validée
2025-06-07 20:06:03 [INFO]: 🔌 Test de connexion à PostgreSQL...
2025-06-07 20:06:04 [INFO]: ✅ Connexion PostgreSQL établie avec succès
2025-06-07 20:06:04 [INFO]: 🚀 Serveur Tennis Pronostics démarré
2025-06-07 20:06:04 [INFO]: 📡 API disponible sur: http://localhost:3001/api/v1
2025-06-07 20:06:04 [INFO]: 🌍 Environment: development
2025-06-07 20:06:04 [INFO]: 📚 Documentation API: http://localhost:3001/api-docs
2025-06-07 20:06:04 [INFO]: ⏰ Synchronisation automatique activée: 0 7,13,19 * * *
2025-06-07 20:06:12 [INFO]: [0mGET /rankings/ [32m200[0m 6.936 ms - -[0m
2025-06-07 20:06:12 [INFO]: [0mGET /rankings/installHook.js.map [33m404[0m 8.085 ms - 136[0m
2025-06-07 20:06:12 [INFO]: [0mGET /rankings/ranking.js [32m200[0m 1.403 ms - -[0m
2025-06-07 20:06:12 [INFO]: [0mGET /rankings/ranking.js [32m200[0m 3.790 ms - -[0m
2025-06-07 20:06:12 [INFO]: [0mGET /favicon.ico [33m404[0m 0.676 ms - 120[0m
2025-06-07 20:06:19 [INFO]: [0mGET /api/v1/rankings/historical?tour=ATP [32m200[0m 222.765 ms - -[0m
2025-06-07 20:06:20 [INFO]: 📡 GET /current
{
  "action": "api_request",
  "method": "GET",
  "url": "/current",
  "userId": null
}
2025-06-07 20:06:20 [INFO]: [0mGET /api/v1/rankings/current?tour=ATP&limit=100 [36m304[0m 534.536 ms - -[0m
2025-06-07 20:07:14 [INFO]: [0mGET /api/v1/rankings/by-date?tour=ATP&date=2023-01-30&limit=200 [32m200[0m 64.219 ms - -[0m
